<?xml version="1.0" encoding="UTF-8"?>
<testsuite name="com.jhyun.TIL.springboot.web.dto.HelloResponseDtoTest" tests="1" skipped="0" failures="0" errors="0" timestamp="2022-01-17T13:44:13" hostname="JaeHyunui-MacBookPro.local" time="0.004">
  <properties/>
  <testcase name="롬북_기능_테스트" classname="com.jhyun.TIL.springboot.web.dto.HelloResponseDtoTest" time="0.004"/>
  <system-out><![CDATA[]]></system-out>
  <system-err><![CDATA[]]></system-err>
</testsuite>
